<?xml version="1.0" encoding="UTF-8"?>
<!-- Generated by org.testng.reporters.JUnitXMLReporter -->
<testsuite ignored="0" hostname="Santosh" failures="0" tests="5" name="Default test" time="77.105" errors="0" timestamp="2024-08-12T10:31:39 IST">
  <testcase classname="com.tests.Auto_SecondWays" name="addProductToCart" time="10.356"/>
  <testcase classname="com.tests.Auto_SecondWays" name="removeProductFromCart" time="11.039"/>
  <testcase classname="com.tests.Auto_SecondWays" name="searchExistingProduct" time="11.682"/>
  <testcase classname="com.tests.Auto_SecondWays" name="searchNonExistingProduct" time="3.55"/>
  <testcase classname="com.tests.Auto_SecondWays" name="updateQuantityInCart" time="12.756"/>
</testsuite> <!-- Default test -->
