<?xml version="1.0" encoding="UTF-8"?>
<!-- Generated by org.testng.reporters.JUnitXMLReporter -->
<testsuite ignored="0" hostname="Santosh" failures="0" tests="5" name="Default test" time="86.419" errors="0" timestamp="2024-08-12T11:23:13 IST">
  <testcase classname="com.tests.EcommTest2" name="searchNonExistingProduct" time="3.23"/>
  <testcase classname="com.tests.EcommTest2" name="searchExistingProduct" time="6.255"/>
  <testcase classname="com.tests.EcommTest2" name="addProductToCart" time="8.923"/>
  <testcase classname="com.tests.EcommTest2" name="updateQuantityInCart" time="13.404"/>
  <testcase classname="com.tests.EcommTest2" name="removeProductFromCart" time="18.613"/>
</testsuite> <!-- Default test -->
