<?xml version="1.0" encoding="UTF-8"?>
<!-- Generated by org.testng.reporters.JUnitXMLReporter -->
<testsuite ignored="4" hostname="Santosh" failures="1" tests="1" name="Test" time="14.397" errors="0" timestamp="2024-08-10T23:47:34 IST">
  <testcase classname="com.tests.EcommerceTests" name="testUpdateProductQuantityInCart" time="7.039">
    <failure type="org.openqa.selenium.support.ui.UnexpectedTagNameException" message="Element should have been &amp;quot;select&amp;quot; but was &amp;quot;span&amp;quot;
Build info: version: &amp;apos;4.22.0&amp;apos;, revision: &amp;apos;c5f3146703*&amp;apos;
System info: os.name: &amp;apos;Windows 10&amp;apos;, os.arch: &amp;apos;amd64&amp;apos;, os.version: &amp;apos;10.0&amp;apos;, java.version: &amp;apos;19.0.1&amp;apos;
Driver info: driver.version: unknown">
      <![CDATA[org.openqa.selenium.support.ui.UnexpectedTagNameException: Element should have been "select" but was "span"
Build info: version: '4.22.0', revision: 'c5f3146703*'
System info: os.name: 'Windows 10', os.arch: 'amd64', os.version: '10.0', java.version: '19.0.1'
Driver info: driver.version: unknown
at org.openqa.selenium.support.ui.Select.<init>(Select.java:46)
at com.pages.CartPage.getProductQuantity(CartPage.java:51)
at com.tests.EcommerceTests.testUpdateProductQuantityInCart(EcommerceTests.java:55)
at java.base/java.util.ArrayList.forEach(ArrayList.java:1511)
... Removed 25 stack frames]]>
    </failure>
  </testcase> <!-- testUpdateProductQuantityInCart -->
  <testcase classname="com.tests.EcommerceTests" name="testAddProductToCart" time="0.0">
    <ignored/>
  </testcase> <!-- testAddProductToCart -->
  <testcase classname="com.tests.EcommerceTests" name="testRemoveProductFromCart" time="0.0">
    <ignored/>
  </testcase> <!-- testRemoveProductFromCart -->
  <testcase classname="com.tests.EcommerceTests" name="testSearchNonExistingProduct" time="0.0">
    <ignored/>
  </testcase> <!-- testSearchNonExistingProduct -->
  <testcase classname="com.tests.EcommerceTests" name="testSearchExistingProduct" time="0.0">
    <ignored/>
  </testcase> <!-- testSearchExistingProduct -->
</testsuite> <!-- Test -->
